# 
# Config file for GRUB
#

default=0
timeout=3
#hiddenmenu

title FOS - FOS is Operating System 
      root (cd0)
      kernel /root/kernel
      module /root/modules/koi8-8x16.fnt
      module /root/modules/test.txt
      module /root/modules/vesa
      module /root/modules/app1
      module /root/modules/tty
      module /root/modules/keyboard
      module /root/modules/init

title FOS - FOS is Operating System (network boot)
      dhcp
      tftpserver 192.168.2.3
      root (nd)
      kernel /root/kernel
      module /root/modules/koi8-8x16.fnt
      module /root/modules/test.txt
      module /root/modules/vesa
      module /root/modules/app1
      module /root/modules/tty
      module /root/modules/keyboard
      module /root/modules/init
	
	
title M$ W*NDOWS
	root (hd0,0)
	chainloader +1

title Floppy
	root (fd0)
	chainloader +1
